\BOOKMARK [0][-]{chapter.1}{1 Introduction}{}% 1
\BOOKMARK [0][-]{chapter.2}{2 Related Work}{}% 2
\BOOKMARK [1][-]{section.2.1}{2.1 Network-specific Optimizations}{chapter.2}% 3
\BOOKMARK [1][-]{section.2.2}{2.2 Device-specific Optimizations}{chapter.2}% 4
\BOOKMARK [0][-]{chapter.3}{3 Network Impact on QoE}{}% 5
\BOOKMARK [1][-]{section.3.1}{3.1 Video QoE Labeling}{chapter.3}% 6
\BOOKMARK [2][-]{subsection.3.1.1}{3.1.1 Motivation for Scalable QoE Annotation}{section.3.1}% 7
\BOOKMARK [2][-]{subsection.3.1.2}{3.1.2 Background}{section.3.1}% 8
\BOOKMARK [2][-]{subsection.3.1.3}{3.1.3 Design for Scalable QoE Annotation}{section.3.1}% 9
\BOOKMARK [2][-]{subsection.3.1.4}{3.1.4 From Video Artefacts to QoE}{section.3.1}% 10
\BOOKMARK [2][-]{subsection.3.1.5}{3.1.5 Modeling Our Metrics to MOS}{section.3.1}% 11
\BOOKMARK [2][-]{subsection.3.1.6}{3.1.6 Comparison with Baseline and Feature Importance}{section.3.1}% 12
\BOOKMARK [1][-]{section.3.2}{3.2 Summary}{chapter.3}% 13
\BOOKMARK [0][-]{chapter.4}{4 Device Impact on QoE}{}% 14
\BOOKMARK [1][-]{section.4.1}{4.1 Impact of Device Performance}{chapter.4}% 15
\BOOKMARK [2][-]{subsection.4.1.1}{4.1.1 Measurement Methodology}{section.4.1}% 16
\BOOKMARK [2][-]{subsection.4.1.2}{4.1.2 Second-Order Effect of CPU Clock on the Network}{section.4.1}% 17
\BOOKMARK [2][-]{subsection.4.1.3}{4.1.3 Web Browsing}{section.4.1}% 18
\BOOKMARK [2][-]{subsection.4.1.4}{4.1.4 Video}{section.4.1}% 19
\BOOKMARK [1][-]{section.4.2}{4.2 Discussions}{chapter.4}% 20
\BOOKMARK [1][-]{section.4.3}{4.3 Summary}{chapter.4}% 21
\BOOKMARK [0][-]{chapter.5}{5 Conclusion}{}% 22
\BOOKMARK [0][-]{chapter*.48}{Bibliography}{}% 23
