\BOOKMARK [0][-]{label:frontpage.0}{Front page}{}% 1
\BOOKMARK [0][-]{label:contents.0}{Contents}{}% 2
\BOOKMARK [0][-]{chapter.1}{1 Introduction}{}% 3
\BOOKMARK [1][-]{section.1.1}{1.1 Problem statement}{chapter.1}% 4
\BOOKMARK [1][-]{section.1.2}{1.2 Challenges}{chapter.1}% 5
\BOOKMARK [2][-]{subsection.1.2.1}{1.2.1 Browser Background}{section.1.2}% 6
\BOOKMARK [2][-]{subsection.1.2.2}{1.2.2 Dependency}{section.1.2}% 7
\BOOKMARK [2][-]{subsection.1.2.3}{1.2.3 Complexity}{section.1.2}% 8
\BOOKMARK [2][-]{subsection.1.2.4}{1.2.4 Variances}{section.1.2}% 9
\BOOKMARK [1][-]{section.1.3}{1.3 Overview}{chapter.1}% 10
\BOOKMARK [0][-]{chapter.2}{2 Related works}{}% 11
\BOOKMARK [1][-]{section.2.1}{2.1 Testbeds}{chapter.2}% 12
\BOOKMARK [1][-]{section.2.2}{2.2 Page load time improvements}{chapter.2}% 13
\BOOKMARK [2][-]{subsection.2.2.1}{2.2.1 Client side improvements}{section.2.2}% 14
\BOOKMARK [2][-]{subsection.2.2.2}{2.2.2 Server side improvements}{section.2.2}% 15
\BOOKMARK [2][-]{subsection.2.2.3}{2.2.3 Industry tools}{section.2.2}% 16
\BOOKMARK [1][-]{section.2.3}{2.3 Measurement studies}{chapter.2}% 17
\BOOKMARK [0][-]{chapter.3}{3 Design and Methodology}{}% 18
\BOOKMARK [1][-]{section.3.1}{3.1 WProf}{chapter.3}% 19
\BOOKMARK [1][-]{section.3.2}{3.2 WProf-M}{chapter.3}% 20
\BOOKMARK [1][-]{section.3.3}{3.3 Testbed Design}{chapter.3}% 21
\BOOKMARK [1][-]{section.3.4}{3.4 Parameters}{chapter.3}% 22
\BOOKMARK [0][-]{chapter.4}{4 Characterizing bottleneck in mobile page load}{}% 23
\BOOKMARK [1][-]{section.4.1}{4.1 Computation is the bottleneck}{chapter.4}% 24
\BOOKMARK [2][-]{subsection.4.1.1}{4.1.1 Page load times}{section.4.1}% 25
\BOOKMARK [2][-]{subsection.4.1.2}{4.1.2 Bottleneck in mobile vs desktop browsers}{section.4.1}% 26
\BOOKMARK [2][-]{subsection.4.1.3}{4.1.3 Bottleneck when loading mpages}{section.4.1}% 27
\BOOKMARK [2][-]{subsection.4.1.4}{4.1.4 Experiments on Samsung Galaxy S6}{section.4.1}% 28
\BOOKMARK [2][-]{subsection.4.1.5}{4.1.5 Experiments "in-the-wild"}{section.4.1}% 29
\BOOKMARK [1][-]{section.4.2}{4.2 Critical path analysis}{chapter.4}% 30
\BOOKMARK [2][-]{subsection.4.2.1}{4.2.1 Object downloads}{section.4.2}% 31
\BOOKMARK [2][-]{subsection.4.2.2}{4.2.2 Similarity metric}{section.4.2}% 32
\BOOKMARK [2][-]{subsection.4.2.3}{4.2.3 Latency for each activity on the critical path}{section.4.2}% 33
\BOOKMARK [0][-]{chapter.5}{5 Page optimization}{}% 34
\BOOKMARK [1][-]{section.5.1}{5.1 Current page optimization solutions}{chapter.5}% 35
\BOOKMARK [2][-]{subsection.5.1.1}{5.1.1 Google's PageSpeed Insights}{section.5.1}% 36
\BOOKMARK [2][-]{subsection.5.1.2}{5.1.2 Yahoo's YSlow}{section.5.1}% 37
\BOOKMARK [1][-]{section.5.2}{5.2 Our Approach: PLTSpeed}{chapter.5}% 38
\BOOKMARK [2][-]{subsection.5.2.1}{5.2.1 A framework to predict page load time}{section.5.2}% 39
\BOOKMARK [2][-]{subsection.5.2.2}{5.2.2 The prediction engine}{section.5.2}% 40
\BOOKMARK [2][-]{subsection.5.2.3}{5.2.3 Future work}{section.5.2}% 41
\BOOKMARK [0][-]{chapter*.28}{References}{}% 42
